#
# There is insufficient memory for the Java Runtime Environment to continue.
# Native memory allocation (mmap) failed to map 268435456 bytes for Failed to commit area from 0x0000000701000000 to 0x0000000711000000 of length 268435456.
# Possible reasons:
#   The system is out of physical RAM or swap space
#   The process is running with CompressedOops enabled, and the Java Heap may be blocking the growth of the native heap
# Possible solutions:
#   Reduce memory load on the system
#   Increase physical memory or swap space
#   Check if swap backing store is full
#   Decrease Java heap size (-Xmx/-Xms)
#   Decrease number of Java threads
#   Decrease Java thread stack sizes (-Xss)
#   Set larger code cache with -XX:ReservedCodeCacheSize=
# This output file may be truncated or incomplete.
#
#  Out of Memory Error (src/hotspot/os/windows/os_windows.cpp:3624), pid=102928, tid=13300
#
# JRE version:  (11.0.14.1+1) (build )
# Java VM: OpenJDK 64-Bit Server VM (11.0.14.1+1-b2043.45, mixed mode, sharing, tiered, compressed oops, g1 gc, windows-amd64)
# No core dump will be written. Minidumps are not enabled by default on client versions of Windows
#

---------------  S U M M A R Y ------------

Command Line: git4idea.http.GitAskPassApp Username for 'https://gitee.com': 

Host: Intel(R) Core(TM) i7-6700 CPU @ 3.40GHz, 8 cores, 15G,  Windows 10 , 64 bit Build 19041 (10.0.19041.2251)
Time: Sun Nov 27 21:53:34 2022 中国标准时间 elapsed time: 0.012746 seconds (0d 0h 0m 0s)

---------------  T H R E A D  ---------------

Current thread (0x0000020b4297d000):  JavaThread "Unknown thread" [_thread_in_vm, id=13300, stack(0x0000004c5dc00000,0x0000004c5dd00000)]

Stack: [0x0000004c5dc00000,0x0000004c5dd00000]
Native frames: (J=compiled Java code, j=interpreted, Vv=VM code, C=native code)
V  [jvm.dll+0x61618a]
V  [jvm.dll+0x79c450]
V  [jvm.dll+0x79da6d]
V  [jvm.dll+0x79e143]
V  [jvm.dll+0x24c968]
V  [jvm.dll+0x6131f4]
V  [jvm.dll+0x607ef5]
V  [jvm.dll+0x30b35b]
V  [jvm.dll+0x30b2ca]
V  [jvm.dll+0x30b1a2]
V  [jvm.dll+0x3100f6]
V  [jvm.dll+0x35b7e3]
V  [jvm.dll+0x35bee6]
V  [jvm.dll+0x35b8e3]
V  [jvm.dll+0x2e5b68]
V  [jvm.dll+0x2e6d17]
V  [jvm.dll+0x779087]
V  [jvm.dll+0x77a87c]
V  [jvm.dll+0x368d99]
V  [jvm.dll+0x75c9de]
V  [jvm.dll+0x3d6d53]
V  [jvm.dll+0x3d92f1]
C  [jli.dll+0x536b]
C  [ucrtbase.dll+0x21bb2]
C  [KERNEL32.DLL+0x174b4]
C  [ntdll.dll+0x526a1]


---------------  P R O C E S S  ---------------

Threads class SMR info:
_java_thread_list=0x0000020b40ec07c0, length=0, elements={
}

Java Threads: ( => current thread )

Other Threads:
  0x0000020b42995800 GCTaskThread "GC Thread#0" [stack: 0x0000004c5dd00000,0x0000004c5de00000] [id=116208]
  0x0000020b429f2000 ConcurrentGCThread "G1 Main Marker" [stack: 0x0000004c5de00000,0x0000004c5df00000] [id=121136]
  0x0000020b429f3800 ConcurrentGCThread "G1 Conc#0" [stack: 0x0000004c5df00000,0x0000004c5e000000] [id=77292]

[error occurred during error reporting (printing all threads), id 0xc0000005, EXCEPTION_ACCESS_VIOLATION (0xc0000005) at pc=0x00007ffbf5426177]

VM state:not at safepoint (not fully initialized)

VM Mutex/Monitor currently owned by a thread:  ([mutex/lock_event])
[0x0000020b42978370] Heap_lock - owner thread: 0x0000020b4297d000

Heap address: 0x0000000701000000, size: 4080 MB, Compressed Oops mode: Non-zero based: 0x0000000701000000
Narrow klass base: 0x0000000000000000, Narrow klass shift: 0

GC Heap History (0 events):
No events

Deoptimization events (0 events):
No events

Classes redefined (0 events):
No events

Internal exceptions (0 events):
No events

Events (1 events):
Event: 0.008 Loaded shared library D:\JetBrains\IntelliJ IDEA 2022.1.1\jbr\bin\zip.dll


Dynamic libraries:
0x00007ff73e800000 - 0x00007ff73e80a000 	D:\JetBrains\IntelliJ IDEA 2022.1.1\jbr\bin\java.exe
0x00007ffc37d70000 - 0x00007ffc37f68000 	C:\WINDOWS\SYSTEM32\ntdll.dll
0x00007ffc36660000 - 0x00007ffc3671f000 	C:\WINDOWS\System32\KERNEL32.DLL
0x00007ffc355d0000 - 0x00007ffc358a2000 	C:\WINDOWS\System32\KERNELBASE.dll
0x00007ffc35bc0000 - 0x00007ffc35cc0000 	C:\WINDOWS\System32\ucrtbase.dll
0x00007ffc2e400000 - 0x00007ffc2e419000 	D:\JetBrains\IntelliJ IDEA 2022.1.1\jbr\bin\jli.dll
0x00007ffc28d90000 - 0x00007ffc28da6000 	D:\JetBrains\IntelliJ IDEA 2022.1.1\jbr\bin\VCRUNTIME140.dll
0x00007ffc36410000 - 0x00007ffc365ad000 	C:\WINDOWS\System32\USER32.dll
0x00007ffc358e0000 - 0x00007ffc35902000 	C:\WINDOWS\System32\win32u.dll
0x00007ffc35ee0000 - 0x00007ffc35f0b000 	C:\WINDOWS\System32\GDI32.dll
0x00007ffc35a00000 - 0x00007ffc35b0f000 	C:\WINDOWS\System32\gdi32full.dll
0x00007ffc35960000 - 0x00007ffc359fd000 	C:\WINDOWS\System32\msvcp_win.dll
0x00007ffc21810000 - 0x00007ffc21aaa000 	C:\WINDOWS\WinSxS\amd64_microsoft.windows.common-controls_6595b64144ccf1df_6.0.19041.1110_none_60b5254171f9507e\COMCTL32.dll
0x00007ffc37370000 - 0x00007ffc3740e000 	C:\WINDOWS\System32\msvcrt.dll
0x00007ffc37080000 - 0x00007ffc370b2000 	C:\WINDOWS\System32\IMM32.DLL
0x0000000054e70000 - 0x0000000054e7c000 	D:\36012\360Safe\safemon\SafeWrapper.dll
0x00007ffc37140000 - 0x00007ffc371ee000 	C:\WINDOWS\System32\ADVAPI32.dll
0x00007ffc371f0000 - 0x00007ffc3728c000 	C:\WINDOWS\System32\sechost.dll
0x00007ffc37880000 - 0x00007ffc379a5000 	C:\WINDOWS\System32\RPCRT4.dll
0x00007ffc22ec0000 - 0x00007ffc22f52000 	D:\36012\360Safe\safemon\libzdtp64.dll
0x00007ffc367a0000 - 0x00007ffc36ee3000 	C:\WINDOWS\System32\SHELL32.dll
0x00007ffc37410000 - 0x00007ffc37465000 	C:\WINDOWS\System32\SHLWAPI.dll
0x00007ffc34d50000 - 0x00007ffc34d5a000 	C:\WINDOWS\SYSTEM32\VERSION.dll
0x00007ffc0f860000 - 0x00007ffc0f90a000 	D:\JetBrains\IntelliJ IDEA 2022.1.1\jbr\bin\msvcp140.dll
0x00007ffbf5130000 - 0x00007ffbf5caa000 	D:\JetBrains\IntelliJ IDEA 2022.1.1\jbr\bin\server\jvm.dll
0x00007ffc37130000 - 0x00007ffc37138000 	C:\WINDOWS\System32\PSAPI.DLL
0x00007ffc247c0000 - 0x00007ffc247c9000 	C:\WINDOWS\SYSTEM32\WSOCK32.dll
0x00007ffc379b0000 - 0x00007ffc37a1b000 	C:\WINDOWS\System32\WS2_32.dll
0x00007ffc2d780000 - 0x00007ffc2d7a7000 	C:\WINDOWS\SYSTEM32\WINMM.dll
0x00007ffc332a0000 - 0x00007ffc332b2000 	C:\WINDOWS\SYSTEM32\kernel.appcore.dll
0x00007ffc19fe0000 - 0x00007ffc19ff1000 	D:\JetBrains\IntelliJ IDEA 2022.1.1\jbr\bin\verify.dll
0x00007ffc2df90000 - 0x00007ffc2e174000 	C:\WINDOWS\SYSTEM32\DBGHELP.DLL
0x00007ffc2df60000 - 0x00007ffc2df8c000 	C:\WINDOWS\SYSTEM32\dbgcore.DLL
0x00007ffc35d30000 - 0x00007ffc35db2000 	C:\WINDOWS\System32\bcryptPrimitives.dll
0x00007ffc17540000 - 0x00007ffc17569000 	D:\JetBrains\IntelliJ IDEA 2022.1.1\jbr\bin\java.dll
0x00007ffc1fa70000 - 0x00007ffc1fa7b000 	D:\JetBrains\IntelliJ IDEA 2022.1.1\jbr\bin\jimage.dll
0x00007ffc19490000 - 0x00007ffc194a9000 	D:\JetBrains\IntelliJ IDEA 2022.1.1\jbr\bin\zip.dll

dbghelp: loaded successfully - version: 4.0.5 - missing functions: none
symbol engine: initialized successfully - sym options: 0x614 - pdb path: .;D:\JetBrains\IntelliJ IDEA 2022.1.1\jbr\bin;C:\WINDOWS\SYSTEM32;C:\WINDOWS\WinSxS\amd64_microsoft.windows.common-controls_6595b64144ccf1df_6.0.19041.1110_none_60b5254171f9507e;D:\36012\360Safe\safemon;D:\JetBrains\IntelliJ IDEA 2022.1.1\jbr\bin\server

VM Arguments:
java_command: git4idea.http.GitAskPassApp Username for 'https://gitee.com': 
java_class_path (initial): D:/JetBrains/IntelliJ IDEA 2022.1.1/plugins/git4idea/lib/git4idea-rt.jar;D:/JetBrains/IntelliJ IDEA 2022.1.1/lib/externalProcess-rt.jar;D:/JetBrains/IntelliJ IDEA 2022.1.1/lib/app.jar;D:/JetBrains/IntelliJ IDEA 2022.1.1/lib/3rd-party-rt.jar
Launcher Type: SUN_STANDARD

[Global flags]
     intx CICompilerCount                          = 4                                         {product} {ergonomic}
     uint ConcGCThreads                            = 2                                         {product} {ergonomic}
     uint G1ConcRefinementThreads                  = 8                                         {product} {ergonomic}
   size_t G1HeapRegionSize                         = 1048576                                   {product} {ergonomic}
    uintx GCDrainStackTargetSize                   = 64                                        {product} {ergonomic}
   size_t InitialHeapSize                          = 268435456                                 {product} {ergonomic}
   size_t MarkStackSize                            = 4194304                                   {product} {ergonomic}
   size_t MaxHeapSize                              = 4278190080                                {product} {ergonomic}
   size_t MinHeapDeltaBytes                        = 1048576                                   {product} {ergonomic}
    uintx NonNMethodCodeHeapSize                   = 5836300                                {pd product} {ergonomic}
    uintx NonProfiledCodeHeapSize                  = 122910970                              {pd product} {ergonomic}
    uintx ProfiledCodeHeapSize                     = 122910970                              {pd product} {ergonomic}
    uintx ReservedCodeCacheSize                    = 251658240                              {pd product} {ergonomic}
     bool SegmentedCodeCache                       = true                                      {product} {ergonomic}
     bool UseCompressedClassPointers               = true                                 {lp64_product} {ergonomic}
     bool UseCompressedOops                        = true                                 {lp64_product} {ergonomic}
     bool UseG1GC                                  = true                                      {product} {ergonomic}
     bool UseLargePagesIndividualAllocation        = false                                  {pd product} {ergonomic}

Logging:
Log output configuration:
 #0: stdout all=warning uptime,level,tags
 #1: stderr all=off uptime,level,tags

Environment Variables:
JAVA_HOME=D:\Java\corretto-11.0.17
PATH=D:\Git\mingw64\libexec\git-core;D:\Git\mingw64\libexec\git-core;D:\Git\mingw64\bin;D:\Git\usr\bin;C:\Users\Administrator\bin;D:\VMware\VMware Workstation\bin;C:\Windows\system32;C:\Windows;C:\Windows\System32\Wbem;C:\Windows\System32\WindowsPowerShell\v1.0;C:\Windows\System32\OpenSSH;C:\Program Files (x86)\NVIDIA Corporation\PhysX\Common;C:\Program Files\NVIDIA Corporation\NVIDIA NvDLISR;C:\WINDOWS\system32;C:\WINDOWS;C:\WINDOWS\System32\Wbem;C:\WINDOWS\System32\WindowsPowerShell\v1.0;C:\WINDOWS\System32\OpenSSH;D:\Lua;D:\Java\corretto-11.0.17\bin;D:\apache-maven-3.8.5\bin;D:\Redis;D:\Node.js;D:\Pandoc;D:\Git\cmd;F:\迅雷下载\bat;C:\Users\Administrator\AppData\Local\Microsoft\WindowsApps;D:\Microsoft VS Code\bin;C:\Users\Administrator\AppData\Roaming\npm
USERNAME=Administrator
DISPLAY=:0.0
LC_ALL=en_US.UTF-8
OS=Windows_NT
PROCESSOR_IDENTIFIER=Intel64 Family 6 Model 94 Stepping 3, GenuineIntel



---------------  S Y S T E M  ---------------

OS: Windows 10 , 64 bit Build 19041 (10.0.19041.2251)
OS uptime: 17 days 19:35 hours
Hyper-V role detected

CPU:total 8 (initial active 8) (4 cores per cpu, 2 threads per core) family 6 model 94 stepping 3 microcode 0xcc, cmov, cx8, fxsr, mmx, sse, sse2, sse3, ssse3, sse4.1, sse4.2, popcnt, avx, avx2, aes, clmul, erms, rtm, 3dnowpref, lzcnt, ht, tsc, tscinvbit, bmi1, bmi2, adx, fma

Memory: 4k page, system-wide physical 16316M (3798M free)
TotalPageFile size 65468M (AvailPageFile size 245M)
current process WorkingSet (physical memory assigned to process): 12M, peak: 12M
current process commit charge ("private bytes"): 61M, peak: 316M

vm_info: OpenJDK 64-Bit Server VM (11.0.14.1+1-b2043.45) for windows-amd64 JRE (11.0.14.1+1-b2043.45), built on Apr 25 2022 05:49:45 by "" with MS VC++ 14.0 (VS2015)

END.
